C51 COMPILER V9.52.0.0   HUM_TEM                                                           08/18/2015 14:52:37 PAGE 1   


C51 COMPILER V9.52.0.0, COMPILATION OF MODULE HUM_TEM
OBJECT MODULE PLACED IN .\hum_tem.obj
COMPILER INVOKED BY: C:\Keil_v4\C51\BIN\C51.EXE ..\code\hum_tem.c LARGE BROWSE INCDIR(..\code) DEBUG OBJECTEXTEND PRINT(
                    -.\hum_tem.lst) OBJECT(.\hum_tem.obj)

line level    source

   1          /*Abstract :Am2305 temprature & Humidity Transmitter Read.
   2          *
   3          *Version NO.:1.0
   4          *Writer     :Woy
   5          *Date       :2015-06-10
   6          **************************************************/
   7          #include "C8051F340.h"
   8          #include "system.h"
   9          #include "hum_tem.h"
  10          #include "Init.h"
  11          sbit Sensor_SDA        = P0^6;
  12          
  13          //////////////////////////////////////////////////////////////////
  14          // 变量定义
  15          //////////////////////////////////////////////////////////////////
  16          static unsigned char xdata Sensor_Check;                  //校验和
  17          static unsigned char xdata Sensor_AnswerFlag;  //收到起始标志位
  18          static unsigned char xdata Sensor_ErrorFlag;   //读取传感器错误标志
  19          static unsigned int  xdata Sys_CNT;
  20          static unsigned int  xdata Tmp;
  21          
  22          unsigned char xdata Sensor_Data[5]={0x00,0x00,0x00,0x00,0x00};
  23          
  24          
  25          /********************************************\
  26          |* 功能： 读传感器发送的单个字节                *|
  27          \********************************************/
  28          static unsigned char Read_SensorData(void)
  29          {
  30   1              unsigned int xdata i,xdata cnt;
  31   1              unsigned char xdata buffer,xdata tmp;
  32   1              buffer = 0;
  33   1              for(i=0;i<8;i++)
  34   1              {
  35   2                      cnt=0;
  36   2                      while(!Sensor_SDA)      //检测上次低电平是否结束
  37   2                      {
  38   3                        if(++cnt >= 3000)
  39   3                         {
  40   4                                break;
  41   4                         }
  42   3                      }
  43   2                      //延时Min=26us Max50us 跳过数据"0" 的高电平
  44   2                      DelayUs(40);     //延时30us   
  45   2                      
  46   2                      //判断传感器发送数据位
  47   2                      tmp =0;
  48   2                      if(Sensor_SDA)   
  49   2                      {
  50   3                        tmp = 1;
  51   3                      }  
  52   2                      cnt =0;
  53   2                      while(Sensor_SDA)               //等待高电平 结束
  54   2                      {
C51 COMPILER V9.52.0.0   HUM_TEM                                                           08/18/2015 14:52:37 PAGE 2   

  55   3                              if(++cnt >= 2000)
  56   3                              {
  57   4                                break;
  58   4                              }
  59   3                      }
  60   2                      buffer <<=1;
  61   2                      buffer |= tmp;  
  62   2              }
  63   1              return buffer;
  64   1      }
  65          
  66          unsigned char Am2305_Read(void)
  67          {
  68   1              unsigned char xdata i;
  69   1              //主机拉低(Min=800US Max=20Ms) 
  70   1          Sensor_SDA = 0;
  71   1              DelayMs(1);  //延时2Ms
  72   1                
  73   1              //释放总线 延时(Min=30us Max=50us)
  74   1              Sensor_SDA = 1;         
  75   1              DelayUs(30);//延时30us
  76   1              //主机设为输入 判断传感器响应信号 
  77   1              Sensor_SDA = 1; 
  78   1                
  79   1              Sensor_AnswerFlag = 0;  // 传感器响应标志        
  80   1               DelayUs(2);
  81   1              //判断从机是否有低电平响应信号 如不响应则跳出，响应则向下运行     
  82   1              if(Sensor_SDA ==0)
  83   1              {
  84   2                 Sensor_AnswerFlag = 1;//收到起始信号
  85   2                 Sys_CNT = 0;
  86   2                 //判断从机是否发出 80us 的低电平响应信号是否结束      
  87   2                 while((!Sensor_SDA))
  88   2                 {
  89   3                   if(++Sys_CNT>3000) //防止进入死循环
  90   3                       {
  91   4                         Sensor_ErrorFlag = 1;
  92   4                         return 0;
  93   4                        } 
  94   3                  }
  95   2                  Sys_CNT = 0;
  96   2                  //判断从机是否发出 80us 的高电平，如发出则进入数据接收状态
  97   2                  while((Sensor_SDA))
  98   2                  {
  99   3                     if(++Sys_CNT>3000) //防止进入死循环
 100   3                         {
 101   4                           Sensor_ErrorFlag = 1;
 102   4                           return 0;
 103   4                         } 
 104   3                  }            
 105   2                  // 数据接收 传感器共发送40位数据 
 106   2                  // 即5个字节 高位先送  5个字节分别为湿度高位 湿度低位 温度高位 温度低位 校验和
 107   2                  // 校验和为：湿度高位+湿度低位+温度高位+温度低位
 108   2                  for(i=0;i<5;i++)
 109   2                  {
 110   3                    Sensor_Data[i] = Read_SensorData();
 111   3                  }
 112   2                }
 113   1                else
 114   1                {
 115   2                  Sensor_AnswerFlag = 0;        // 未收到传感器响应
 116   2                      memset(Sensor_Data, 0, 5);      
C51 COMPILER V9.52.0.0   HUM_TEM                                                           08/18/2015 14:52:37 PAGE 3   

 117   2                }
 118   1                return 1;       
 119   1      
 120   1      }
 121          ////////////////////////////////////////////////////////////The end///////////////////////////////////////
             -///////////////////////////


MODULE INFORMATION:   STATIC OVERLAYABLE
   CODE SIZE        =    311    ----
   CONSTANT SIZE    =   ----    ----
   XDATA SIZE       =     12       7
   PDATA SIZE       =   ----    ----
   DATA SIZE        =   ----    ----
   IDATA SIZE       =   ----    ----
   BIT SIZE         =   ----    ----
END OF MODULE INFORMATION.


C51 COMPILATION COMPLETE.  0 WARNING(S),  0 ERROR(S)
