C51 COMPILER V9.52.0.0   MAIN                                                              08/18/2015 14:52:37 PAGE 1   


C51 COMPILER V9.52.0.0, COMPILATION OF MODULE MAIN
OBJECT MODULE PLACED IN .\main.obj
COMPILER INVOKED BY: C:\Keil_v4\C51\BIN\C51.EXE ..\code\main.c LARGE BROWSE INCDIR(..\code) DEBUG OBJECTEXTEND PRINT(.\m
                    -ain.lst) OBJECT(.\main.obj)

line level    source

   1          #include <c8051f340.h>
   2          #include <intrins.h>   
   3          #include "stdio.h"
   4          #include "Init.h"        
   5          
   6          void TestUart1(void);
   7          void TestUart2(void);
   8          void TestUartRfid(void);
   9          void TestTemperature(void);
  10          VOID TestCalcuate(VOID);
  11          VOID TestRFID(VOID);
  12          
  13          void main(void)
  14          {
  15   1              Init_Device();          // Initializes hardware peripherals
  16   1              TestRFID();
  17   1      }
  18          
  19          
  20          
  21          
  22           


MODULE INFORMATION:   STATIC OVERLAYABLE
   CODE SIZE        =      6    ----
   CONSTANT SIZE    =   ----    ----
   XDATA SIZE       =   ----    ----
   PDATA SIZE       =   ----    ----
   DATA SIZE        =   ----    ----
   IDATA SIZE       =   ----    ----
   BIT SIZE         =   ----    ----
END OF MODULE INFORMATION.


C51 COMPILATION COMPLETE.  0 WARNING(S),  0 ERROR(S)
