Change Component Designator: Old Designator=C7 New Designator=C1
Change Component Designator: Old Designator=C7 New Designator=C3
Change Component Designator: Old Designator=C7 New Designator=C9
Change Component Designator: Old Designator=C7 New Designator=C12
Change Component Designator: Old Designator=C7 New Designator=C14
Change Component Designator: Old Designator=C8 New Designator=C2
Change Component Designator: Old Designator=C8 New Designator=C13
Change Component Designator: Old Designator=C9 New Designator=C4
Change Component Designator: Old Designator=C9 New Designator=C6
Change Component Designator: Old Designator=C9 New Designator=C10
Change Component Designator: Old Designator=C9 New Designator=C11
Change Component Designator: Old Designator=C9 New Designator=C15
Change Component Designator: Old Designator=C9 New Designator=C17
Change Component Designator: Old Designator=C11 New Designator=C16
Change Component Designator: Old Designator=C12 New Designator=C18
Change Component Designator: Old Designator=C13 New Designator=C19
Change Component Designator: Old Designator=C14 New Designator=C20
Change Component Designator: Old Designator=C15 New Designator=C21
Change Component Designator: Old Designator=C16 New Designator=C22
Change Component Designator: Old Designator=C22 New Designator=C23
Change Component Designator: Old Designator=C23 New Designator=C24
Change Component Designator: Old Designator=C24 New Designator=C25
Change Component Designator: Old Designator=C25 New Designator=C26
Change Component Designator: Old Designator=C26 New Designator=C28
Change Component Designator: Old Designator=C30 New Designator=C5
Change Component Designator: Old Designator=J3 New Designator=J1
Change Component Designator: Old Designator=R1 New Designator=R3
Change Component Designator: Old Designator=R3 New Designator=R5
Change Component Designator: Old Designator=R10 New Designator=R6
Change Component Designator: Old Designator=R11 New Designator=R8
Change Component Designator: Old Designator=R12 New Designator=R10
Change Component Designator: Old Designator=R17 New Designator=R11
Change Component Designator: Old Designator=R22 New Designator=R1
Change Component Designator: Old Designator=R22 New Designator=R2
Change Component Designator: Old Designator=R22 New Designator=R4
Change Component Designator: Old Designator=R22 New Designator=R7
Change Component Designator: Old Designator=R22 New Designator=R9
Change Component Designator: Old Designator=U2 New Designator=U4
Change Component Designator: Old Designator=U? New Designator=U1
Change Component Designator: Old Designator=U? New Designator=U2
Change Component Designator: Old Designator=U? New Designator=U3
