Change Component Designator: Old Designator=C17 New Designator=C32
Change Component Designator: Old Designator=C18 New Designator=C31
Change Component Designator: Old Designator=C19 New Designator=C29
Change Component Designator: Old Designator=C19 New Designator=C35
Change Component Designator: Old Designator=C20 New Designator=C30
Change Component Designator: Old Designator=C74 New Designator=C33
Change Component Designator: Old Designator=C75 New Designator=C34
Change Component Designator: Old Designator=JP? New Designator=JP1
Change Component Designator: Old Designator=R7 New Designator=R18
Change Component Designator: Old Designator=R9 New Designator=R19
Change Component Designator: Old Designator=R10 New Designator=R16
Change Component Designator: Old Designator=R10 New Designator=R17
Change Component Designator: Old Designator=R16 New Designator=R20
Change Component Designator: Old Designator=R25 New Designator=R12
Change Component Designator: Old Designator=R25 New Designator=R13
Change Component Designator: Old Designator=R25 New Designator=R14
Change Component Designator: Old Designator=R25 New Designator=R15
Change Component Designator: Old Designator=U? New Designator=U5
Change Component Designator: Old Designator=Y1 New Designator=Y2
Change Component Designator: Old Designator=Y2 New Designator=Y1
