Change Component Designator: Old Designator=B1 New Designator=B2
Change Component Designator: Old Designator=C7 New Designator=C59
Change Component Designator: Old Designator=D1 New Designator=D4
Change Component Designator: Old Designator=D2 New Designator=D5
Change Component Designator: Old Designator=D3 New Designator=D6
Change Component Designator: Old Designator=R4 New Designator=R53
Change Component Designator: Old Designator=R5 New Designator=R54
Change Component Designator: Old Designator=R6 New Designator=R55
Change Component Designator: Old Designator=R7 New Designator=R56
Change Component Designator: Old Designator=R8 New Designator=R57
Change Component Designator: Old Designator=R9 New Designator=R58
Change Component Designator: Old Designator=R10 New Designator=R59
Change Component Designator: Old Designator=R11 New Designator=R60
Change Component Designator: Old Designator=R12 New Designator=R61
Change Component Designator: Old Designator=R13 New Designator=R62
Change Component Designator: Old Designator=R14 New Designator=R63
Change Component Designator: Old Designator=R15 New Designator=R64
Change Component Designator: Old Designator=R16 New Designator=R65
Change Component Designator: Old Designator=R17 New Designator=R66
Change Component Designator: Old Designator=R18 New Designator=R67
Change Component Designator: Old Designator=R19 New Designator=R68
Change Component Designator: Old Designator=R20 New Designator=R69
Change Component Designator: Old Designator=R21 New Designator=R70
Change Component Designator: Old Designator=R22 New Designator=R71
Change Component Designator: Old Designator=S1 New Designator=S2
Change Component Designator: Old Designator=S2 New Designator=S3
Change Component Designator: Old Designator=S3 New Designator=S4
Change Component Designator: Old Designator=S4 New Designator=S5
