Change Component Designator: Old Designator=C8 New Designator=C60
Change Component Designator: Old Designator=C9 New Designator=C61
Change Component Designator: Old Designator=C10 New Designator=C62
Change Component Designator: Old Designator=C11 New Designator=C63
Change Component Designator: Old Designator=C12 New Designator=C64
Change Component Designator: Old Designator=C125 New Designator=C66
Change Component Designator: Old Designator=C145 New Designator=C65
Change Component Designator: Old Designator=D40 New Designator=D7
Change Component Designator: Old Designator=J9 New Designator=J5
Change Component Designator: Old Designator=J14 New Designator=J2
Change Component Designator: Old Designator=J14 New Designator=J3
Change Component Designator: Old Designator=J15 New Designator=J4
Change Component Designator: Old Designator=R25 New Designator=R72
Change Component Designator: Old Designator=R26 New Designator=R73
Change Component Designator: Old Designator=R27 New Designator=R74
Change Component Designator: Old Designator=R27 New Designator=R78
Change Component Designator: Old Designator=R28 New Designator=R75
Change Component Designator: Old Designator=R28 New Designator=R79
Change Component Designator: Old Designator=R117 New Designator=R76
Change Component Designator: Old Designator=R118 New Designator=R77
Change Component Designator: Old Designator=R119 New Designator=R80
Change Component Designator: Old Designator=R120 New Designator=R81
Change Component Designator: Old Designator=U2 New Designator=U11
Change Component Designator: Old Designator=U17 New Designator=U12
Change Component Designator: Old Designator=U18 New Designator=U13
