Change Component Designator: Old Designator=C1 New Designator=C16
Change Component Designator: Old Designator=C2 New Designator=C17
Change Component Designator: Old Designator=C2 New Designator=C19
Change Component Designator: Old Designator=C12 New Designator=C6
Change Component Designator: Old Designator=C12 New Designator=C11
Change Component Designator: Old Designator=C12 New Designator=C20
Change Component Designator: Old Designator=C13 New Designator=C7
Change Component Designator: Old Designator=C13 New Designator=C12
Change Component Designator: Old Designator=C13 New Designator=C21
Change Component Designator: Old Designator=C14 New Designator=C8
Change Component Designator: Old Designator=C14 New Designator=C13
Change Component Designator: Old Designator=C14 New Designator=C22
Change Component Designator: Old Designator=C15 New Designator=C9
Change Component Designator: Old Designator=C15 New Designator=C14
Change Component Designator: Old Designator=C15 New Designator=C23
Change Component Designator: Old Designator=C16 New Designator=C10
Change Component Designator: Old Designator=C16 New Designator=C15
Change Component Designator: Old Designator=C16 New Designator=C24
Change Component Designator: Old Designator=C20 New Designator=C18
Change Component Designator: Old Designator=Q1 New Designator=Q3
Change Component Designator: Old Designator=Q2 New Designator=Q4
Change Component Designator: Old Designator=R3 New Designator=R12
Change Component Designator: Old Designator=R3 New Designator=R15
Change Component Designator: Old Designator=R9 New Designator=R8
Change Component Designator: Old Designator=R9 New Designator=R11
Change Component Designator: Old Designator=R9 New Designator=R16
Change Component Designator: Old Designator=R? New Designator=R4
Change Component Designator: Old Designator=R? New Designator=R5
Change Component Designator: Old Designator=R? New Designator=R6
Change Component Designator: Old Designator=R? New Designator=R7
Change Component Designator: Old Designator=R? New Designator=R9
Change Component Designator: Old Designator=R? New Designator=R10
Change Component Designator: Old Designator=R? New Designator=R13
Change Component Designator: Old Designator=R? New Designator=R14
Change Component Designator: Old Designator=U3 New Designator=U2
Change Component Designator: Old Designator=U3 New Designator=U5
Change Component Designator: Old Designator=U? New Designator=U4
