Change Component Designator: Old Designator=C2 New Designator=C28
Change Component Designator: Old Designator=C2 New Designator=C29
Change Component Designator: Old Designator=C2 New Designator=C30
Change Component Designator: Old Designator=C21 New Designator=C26
Change Component Designator: Old Designator=C22 New Designator=C25
Change Component Designator: Old Designator=C23 New Designator=C31
Change Component Designator: Old Designator=C24 New Designator=C32
Change Component Designator: Old Designator=D8 New Designator=D1
Change Component Designator: Old Designator=Q2 New Designator=Q5
Change Component Designator: Old Designator=R5 New Designator=R18
Change Component Designator: Old Designator=R22 New Designator=R21
Change Component Designator: Old Designator=R23 New Designator=R22
Change Component Designator: Old Designator=R24 New Designator=R17
Change Component Designator: Old Designator=R27 New Designator=R26
Change Component Designator: Old Designator=R28 New Designator=R27
Change Component Designator: Old Designator=R102 New Designator=R19
Change Component Designator: Old Designator=R102 New Designator=R20
Change Component Designator: Old Designator=R102 New Designator=R23
Change Component Designator: Old Designator=R102 New Designator=R24
Change Component Designator: Old Designator=R102 New Designator=R25
Change Component Designator: Old Designator=U? New Designator=U6
