Change Component Designator: Old Designator=C45 New Designator=C57
Change Component Designator: Old Designator=C47 New Designator=C59
Change Component Designator: Old Designator=C48 New Designator=C60
Change Component Designator: Old Designator=C49 New Designator=C58
Change Component Designator: Old Designator=C50 New Designator=C61
Change Component Designator: Old Designator=C51 New Designator=C62
Change Component Designator: Old Designator=C53 New Designator=C63
Change Component Designator: Old Designator=D? New Designator=D4
Change Component Designator: Old Designator=R79 New Designator=R72
Change Component Designator: Old Designator=R79 New Designator=R77
Change Component Designator: Old Designator=R79 New Designator=R81
Change Component Designator: Old Designator=R79 New Designator=R85
Change Component Designator: Old Designator=R80 New Designator=R70
Change Component Designator: Old Designator=R80 New Designator=R71
Change Component Designator: Old Designator=R80 New Designator=R73
Change Component Designator: Old Designator=R80 New Designator=R74
Change Component Designator: Old Designator=R80 New Designator=R75
Change Component Designator: Old Designator=R80 New Designator=R76
Change Component Designator: Old Designator=R80 New Designator=R78
Change Component Designator: Old Designator=R80 New Designator=R82
Change Component Designator: Old Designator=R80 New Designator=R83
Change Component Designator: Old Designator=R80 New Designator=R84
Change Component Designator: Old Designator=R80 New Designator=R87
Change Component Designator: Old Designator=R80 New Designator=R88
Change Component Designator: Old Designator=R80 New Designator=R89
Change Component Designator: Old Designator=R81 New Designator=R86
Change Component Designator: Old Designator=U5 New Designator=U13
Change Component Designator: Old Designator=U? New Designator=U15
