Change Component Designator: Old Designator=C1 New Designator=C64
Change Component Designator: Old Designator=C46 New Designator=C66
Change Component Designator: Old Designator=C46 New Designator=C67
Change Component Designator: Old Designator=C52 New Designator=C65
Change Component Designator: Old Designator=D1 New Designator=D7
Change Component Designator: Old Designator=D2 New Designator=D8
Change Component Designator: Old Designator=D3 New Designator=D6
Change Component Designator: Old Designator=J6 New Designator=J2
Change Component Designator: Old Designator=J6 New Designator=J3
Change Component Designator: Old Designator=J6 New Designator=J4
Change Component Designator: Old Designator=J7 New Designator=J1
Change Component Designator: Old Designator=P? New Designator=P1
Change Component Designator: Old Designator=P? New Designator=P2
Change Component Designator: Old Designator=P? New Designator=P3
Change Component Designator: Old Designator=P? New Designator=P4
Change Component Designator: Old Designator=Q1 New Designator=Q7
Change Component Designator: Old Designator=Q2 New Designator=Q8
Change Component Designator: Old Designator=R58 New Designator=R96
Change Component Designator: Old Designator=R58 New Designator=R97
Change Component Designator: Old Designator=R58 New Designator=R98
Change Component Designator: Old Designator=R58 New Designator=R99
Change Component Designator: Old Designator=R58 New Designator=R100
Change Component Designator: Old Designator=R58 New Designator=R101
Change Component Designator: Old Designator=R? New Designator=R90
Change Component Designator: Old Designator=R? New Designator=R91
Change Component Designator: Old Designator=R? New Designator=R92
Change Component Designator: Old Designator=R? New Designator=R93
Change Component Designator: Old Designator=R? New Designator=R94
Change Component Designator: Old Designator=R? New Designator=R95
Change Component Designator: Old Designator=R? New Designator=R102
